[08-Jul-2025 02:22:13 UTC] PHP Fatal error:  Uncaught Error: Call to undefined method SimpleWebScraper::scrape_single_url() in C:\xampp\htdocs\test-wp\wp-content\plugins\simple-web-scraper\simple-web-scraper.php:151
Stack trace:
#0 C:\xampp\htdocs\test-wp\wp-includes\class-wp-hook.php(324): SimpleWebScraper->handle_scrape_company_page('')
#1 C:\xampp\htdocs\test-wp\wp-includes\class-wp-hook.php(348): WP_Hook->apply_filters('', Array)
#2 C:\xampp\htdocs\test-wp\wp-includes\plugin.php(517): WP_Hook->do_action(Array)
#3 C:\xampp\htdocs\test-wp\wp-admin\admin-ajax.php(192): do_action('wp_ajax_scrape_...')
#4 {main}
  thrown in C:\xampp\htdocs\test-wp\wp-content\plugins\simple-web-scraper\simple-web-scraper.php on line 151
[08-Jul-2025 02:22:15 UTC] PHP Fatal error:  Uncaught Error: Call to undefined method SimpleWebScraper::scrape_single_url() in C:\xampp\htdocs\test-wp\wp-content\plugins\simple-web-scraper\simple-web-scraper.php:151
Stack trace:
#0 C:\xampp\htdocs\test-wp\wp-includes\class-wp-hook.php(324): SimpleWebScraper->handle_scrape_company_page('')
#1 C:\xampp\htdocs\test-wp\wp-includes\class-wp-hook.php(348): WP_Hook->apply_filters('', Array)
#2 C:\xampp\htdocs\test-wp\wp-includes\plugin.php(517): WP_Hook->do_action(Array)
#3 C:\xampp\htdocs\test-wp\wp-admin\admin-ajax.php(192): do_action('wp_ajax_scrape_...')
#4 {main}
  thrown in C:\xampp\htdocs\test-wp\wp-content\plugins\simple-web-scraper\simple-web-scraper.php on line 151
[08-Jul-2025 02:22:17 UTC] PHP Fatal error:  Uncaught Error: Call to undefined method SimpleWebScraper::scrape_single_url() in C:\xampp\htdocs\test-wp\wp-content\plugins\simple-web-scraper\simple-web-scraper.php:151
Stack trace:
#0 C:\xampp\htdocs\test-wp\wp-includes\class-wp-hook.php(324): SimpleWebScraper->handle_scrape_company_page('')
#1 C:\xampp\htdocs\test-wp\wp-includes\class-wp-hook.php(348): WP_Hook->apply_filters('', Array)
#2 C:\xampp\htdocs\test-wp\wp-includes\plugin.php(517): WP_Hook->do_action(Array)
#3 C:\xampp\htdocs\test-wp\wp-admin\admin-ajax.php(192): do_action('wp_ajax_scrape_...')
#4 {main}
  thrown in C:\xampp\htdocs\test-wp\wp-content\plugins\simple-web-scraper\simple-web-scraper.php on line 151
[08-Jul-2025 02:22:19 UTC] PHP Fatal error:  Uncaught Error: Call to undefined method SimpleWebScraper::scrape_single_url() in C:\xampp\htdocs\test-wp\wp-content\plugins\simple-web-scraper\simple-web-scraper.php:151
Stack trace:
#0 C:\xampp\htdocs\test-wp\wp-includes\class-wp-hook.php(324): SimpleWebScraper->handle_scrape_company_page('')
#1 C:\xampp\htdocs\test-wp\wp-includes\class-wp-hook.php(348): WP_Hook->apply_filters('', Array)
#2 C:\xampp\htdocs\test-wp\wp-includes\plugin.php(517): WP_Hook->do_action(Array)
#3 C:\xampp\htdocs\test-wp\wp-admin\admin-ajax.php(192): do_action('wp_ajax_scrape_...')
#4 {main}
  thrown in C:\xampp\htdocs\test-wp\wp-content\plugins\simple-web-scraper\simple-web-scraper.php on line 151
[08-Jul-2025 02:22:21 UTC] PHP Fatal error:  Uncaught Error: Call to undefined method SimpleWebScraper::scrape_single_url() in C:\xampp\htdocs\test-wp\wp-content\plugins\simple-web-scraper\simple-web-scraper.php:151
Stack trace:
#0 C:\xampp\htdocs\test-wp\wp-includes\class-wp-hook.php(324): SimpleWebScraper->handle_scrape_company_page('')
#1 C:\xampp\htdocs\test-wp\wp-includes\class-wp-hook.php(348): WP_Hook->apply_filters('', Array)
#2 C:\xampp\htdocs\test-wp\wp-includes\plugin.php(517): WP_Hook->do_action(Array)
#3 C:\xampp\htdocs\test-wp\wp-admin\admin-ajax.php(192): do_action('wp_ajax_scrape_...')
#4 {main}
  thrown in C:\xampp\htdocs\test-wp\wp-content\plugins\simple-web-scraper\simple-web-scraper.php on line 151
[08-Jul-2025 02:22:23 UTC] PHP Fatal error:  Uncaught Error: Call to undefined method SimpleWebScraper::scrape_single_url() in C:\xampp\htdocs\test-wp\wp-content\plugins\simple-web-scraper\simple-web-scraper.php:151
Stack trace:
#0 C:\xampp\htdocs\test-wp\wp-includes\class-wp-hook.php(324): SimpleWebScraper->handle_scrape_company_page('')
#1 C:\xampp\htdocs\test-wp\wp-includes\class-wp-hook.php(348): WP_Hook->apply_filters('', Array)
#2 C:\xampp\htdocs\test-wp\wp-includes\plugin.php(517): WP_Hook->do_action(Array)
#3 C:\xampp\htdocs\test-wp\wp-admin\admin-ajax.php(192): do_action('wp_ajax_scrape_...')
#4 {main}
  thrown in C:\xampp\htdocs\test-wp\wp-content\plugins\simple-web-scraper\simple-web-scraper.php on line 151
[08-Jul-2025 02:22:25 UTC] PHP Fatal error:  Uncaught Error: Call to undefined method SimpleWebScraper::scrape_single_url() in C:\xampp\htdocs\test-wp\wp-content\plugins\simple-web-scraper\simple-web-scraper.php:151
Stack trace:
#0 C:\xampp\htdocs\test-wp\wp-includes\class-wp-hook.php(324): SimpleWebScraper->handle_scrape_company_page('')
#1 C:\xampp\htdocs\test-wp\wp-includes\class-wp-hook.php(348): WP_Hook->apply_filters('', Array)
#2 C:\xampp\htdocs\test-wp\wp-includes\plugin.php(517): WP_Hook->do_action(Array)
#3 C:\xampp\htdocs\test-wp\wp-admin\admin-ajax.php(192): do_action('wp_ajax_scrape_...')
#4 {main}
  thrown in C:\xampp\htdocs\test-wp\wp-content\plugins\simple-web-scraper\simple-web-scraper.php on line 151
[08-Jul-2025 02:22:27 UTC] PHP Fatal error:  Uncaught Error: Call to undefined method SimpleWebScraper::scrape_single_url() in C:\xampp\htdocs\test-wp\wp-content\plugins\simple-web-scraper\simple-web-scraper.php:151
Stack trace:
#0 C:\xampp\htdocs\test-wp\wp-includes\class-wp-hook.php(324): SimpleWebScraper->handle_scrape_company_page('')
#1 C:\xampp\htdocs\test-wp\wp-includes\class-wp-hook.php(348): WP_Hook->apply_filters('', Array)
#2 C:\xampp\htdocs\test-wp\wp-includes\plugin.php(517): WP_Hook->do_action(Array)
#3 C:\xampp\htdocs\test-wp\wp-admin\admin-ajax.php(192): do_action('wp_ajax_scrape_...')
#4 {main}
  thrown in C:\xampp\htdocs\test-wp\wp-content\plugins\simple-web-scraper\simple-web-scraper.php on line 151
[08-Jul-2025 02:29:30 UTC] PHP Fatal error:  Uncaught Error: Call to undefined method SimpleWebScraper::scrape_single_url() in C:\xampp\htdocs\test-wp\wp-content\plugins\simple-web-scraper\simple-web-scraper.php:151
Stack trace:
#0 C:\xampp\htdocs\test-wp\wp-includes\class-wp-hook.php(324): SimpleWebScraper->handle_scrape_company_page('')
#1 C:\xampp\htdocs\test-wp\wp-includes\class-wp-hook.php(348): WP_Hook->apply_filters('', Array)
#2 C:\xampp\htdocs\test-wp\wp-includes\plugin.php(517): WP_Hook->do_action(Array)
#3 C:\xampp\htdocs\test-wp\wp-admin\admin-ajax.php(192): do_action('wp_ajax_scrape_...')
#4 {main}
  thrown in C:\xampp\htdocs\test-wp\wp-content\plugins\simple-web-scraper\simple-web-scraper.php on line 151
[08-Jul-2025 02:29:32 UTC] PHP Fatal error:  Uncaught Error: Call to undefined method SimpleWebScraper::scrape_single_url() in C:\xampp\htdocs\test-wp\wp-content\plugins\simple-web-scraper\simple-web-scraper.php:151
Stack trace:
#0 C:\xampp\htdocs\test-wp\wp-includes\class-wp-hook.php(324): SimpleWebScraper->handle_scrape_company_page('')
#1 C:\xampp\htdocs\test-wp\wp-includes\class-wp-hook.php(348): WP_Hook->apply_filters('', Array)
#2 C:\xampp\htdocs\test-wp\wp-includes\plugin.php(517): WP_Hook->do_action(Array)
#3 C:\xampp\htdocs\test-wp\wp-admin\admin-ajax.php(192): do_action('wp_ajax_scrape_...')
#4 {main}
  thrown in C:\xampp\htdocs\test-wp\wp-content\plugins\simple-web-scraper\simple-web-scraper.php on line 151
[08-Jul-2025 02:29:34 UTC] PHP Fatal error:  Uncaught Error: Call to undefined method SimpleWebScraper::scrape_single_url() in C:\xampp\htdocs\test-wp\wp-content\plugins\simple-web-scraper\simple-web-scraper.php:151
Stack trace:
#0 C:\xampp\htdocs\test-wp\wp-includes\class-wp-hook.php(324): SimpleWebScraper->handle_scrape_company_page('')
#1 C:\xampp\htdocs\test-wp\wp-includes\class-wp-hook.php(348): WP_Hook->apply_filters('', Array)
#2 C:\xampp\htdocs\test-wp\wp-includes\plugin.php(517): WP_Hook->do_action(Array)
#3 C:\xampp\htdocs\test-wp\wp-admin\admin-ajax.php(192): do_action('wp_ajax_scrape_...')
#4 {main}
  thrown in C:\xampp\htdocs\test-wp\wp-content\plugins\simple-web-scraper\simple-web-scraper.php on line 151
[08-Jul-2025 02:29:36 UTC] PHP Fatal error:  Uncaught Error: Call to undefined method SimpleWebScraper::scrape_single_url() in C:\xampp\htdocs\test-wp\wp-content\plugins\simple-web-scraper\simple-web-scraper.php:151
Stack trace:
#0 C:\xampp\htdocs\test-wp\wp-includes\class-wp-hook.php(324): SimpleWebScraper->handle_scrape_company_page('')
#1 C:\xampp\htdocs\test-wp\wp-includes\class-wp-hook.php(348): WP_Hook->apply_filters('', Array)
#2 C:\xampp\htdocs\test-wp\wp-includes\plugin.php(517): WP_Hook->do_action(Array)
#3 C:\xampp\htdocs\test-wp\wp-admin\admin-ajax.php(192): do_action('wp_ajax_scrape_...')
#4 {main}
  thrown in C:\xampp\htdocs\test-wp\wp-content\plugins\simple-web-scraper\simple-web-scraper.php on line 151
[08-Jul-2025 02:29:38 UTC] PHP Fatal error:  Uncaught Error: Call to undefined method SimpleWebScraper::scrape_single_url() in C:\xampp\htdocs\test-wp\wp-content\plugins\simple-web-scraper\simple-web-scraper.php:151
Stack trace:
#0 C:\xampp\htdocs\test-wp\wp-includes\class-wp-hook.php(324): SimpleWebScraper->handle_scrape_company_page('')
#1 C:\xampp\htdocs\test-wp\wp-includes\class-wp-hook.php(348): WP_Hook->apply_filters('', Array)
#2 C:\xampp\htdocs\test-wp\wp-includes\plugin.php(517): WP_Hook->do_action(Array)
#3 C:\xampp\htdocs\test-wp\wp-admin\admin-ajax.php(192): do_action('wp_ajax_scrape_...')
#4 {main}
  thrown in C:\xampp\htdocs\test-wp\wp-content\plugins\simple-web-scraper\simple-web-scraper.php on line 151
[08-Jul-2025 02:29:40 UTC] PHP Fatal error:  Uncaught Error: Call to undefined method SimpleWebScraper::scrape_single_url() in C:\xampp\htdocs\test-wp\wp-content\plugins\simple-web-scraper\simple-web-scraper.php:151
Stack trace:
#0 C:\xampp\htdocs\test-wp\wp-includes\class-wp-hook.php(324): SimpleWebScraper->handle_scrape_company_page('')
#1 C:\xampp\htdocs\test-wp\wp-includes\class-wp-hook.php(348): WP_Hook->apply_filters('', Array)
#2 C:\xampp\htdocs\test-wp\wp-includes\plugin.php(517): WP_Hook->do_action(Array)
#3 C:\xampp\htdocs\test-wp\wp-admin\admin-ajax.php(192): do_action('wp_ajax_scrape_...')
#4 {main}
  thrown in C:\xampp\htdocs\test-wp\wp-content\plugins\simple-web-scraper\simple-web-scraper.php on line 151
[08-Jul-2025 02:29:42 UTC] PHP Fatal error:  Uncaught Error: Call to undefined method SimpleWebScraper::scrape_single_url() in C:\xampp\htdocs\test-wp\wp-content\plugins\simple-web-scraper\simple-web-scraper.php:151
Stack trace:
#0 C:\xampp\htdocs\test-wp\wp-includes\class-wp-hook.php(324): SimpleWebScraper->handle_scrape_company_page('')
#1 C:\xampp\htdocs\test-wp\wp-includes\class-wp-hook.php(348): WP_Hook->apply_filters('', Array)
#2 C:\xampp\htdocs\test-wp\wp-includes\plugin.php(517): WP_Hook->do_action(Array)
#3 C:\xampp\htdocs\test-wp\wp-admin\admin-ajax.php(192): do_action('wp_ajax_scrape_...')
#4 {main}
  thrown in C:\xampp\htdocs\test-wp\wp-content\plugins\simple-web-scraper\simple-web-scraper.php on line 151
[08-Jul-2025 02:29:44 UTC] PHP Fatal error:  Uncaught Error: Call to undefined method SimpleWebScraper::scrape_single_url() in C:\xampp\htdocs\test-wp\wp-content\plugins\simple-web-scraper\simple-web-scraper.php:151
Stack trace:
#0 C:\xampp\htdocs\test-wp\wp-includes\class-wp-hook.php(324): SimpleWebScraper->handle_scrape_company_page('')
#1 C:\xampp\htdocs\test-wp\wp-includes\class-wp-hook.php(348): WP_Hook->apply_filters('', Array)
#2 C:\xampp\htdocs\test-wp\wp-includes\plugin.php(517): WP_Hook->do_action(Array)
#3 C:\xampp\htdocs\test-wp\wp-admin\admin-ajax.php(192): do_action('wp_ajax_scrape_...')
#4 {main}
  thrown in C:\xampp\htdocs\test-wp\wp-content\plugins\simple-web-scraper\simple-web-scraper.php on line 151
[08-Jul-2025 02:29:46 UTC] PHP Fatal error:  Uncaught Error: Call to undefined method SimpleWebScraper::scrape_single_url() in C:\xampp\htdocs\test-wp\wp-content\plugins\simple-web-scraper\simple-web-scraper.php:151
Stack trace:
#0 C:\xampp\htdocs\test-wp\wp-includes\class-wp-hook.php(324): SimpleWebScraper->handle_scrape_company_page('')
#1 C:\xampp\htdocs\test-wp\wp-includes\class-wp-hook.php(348): WP_Hook->apply_filters('', Array)
#2 C:\xampp\htdocs\test-wp\wp-includes\plugin.php(517): WP_Hook->do_action(Array)
#3 C:\xampp\htdocs\test-wp\wp-admin\admin-ajax.php(192): do_action('wp_ajax_scrape_...')
#4 {main}
  thrown in C:\xampp\htdocs\test-wp\wp-content\plugins\simple-web-scraper\simple-web-scraper.php on line 151
[08-Jul-2025 02:29:48 UTC] PHP Fatal error:  Uncaught Error: Call to undefined method SimpleWebScraper::scrape_single_url() in C:\xampp\htdocs\test-wp\wp-content\plugins\simple-web-scraper\simple-web-scraper.php:151
Stack trace:
#0 C:\xampp\htdocs\test-wp\wp-includes\class-wp-hook.php(324): SimpleWebScraper->handle_scrape_company_page('')
#1 C:\xampp\htdocs\test-wp\wp-includes\class-wp-hook.php(348): WP_Hook->apply_filters('', Array)
#2 C:\xampp\htdocs\test-wp\wp-includes\plugin.php(517): WP_Hook->do_action(Array)
#3 C:\xampp\htdocs\test-wp\wp-admin\admin-ajax.php(192): do_action('wp_ajax_scrape_...')
#4 {main}
  thrown in C:\xampp\htdocs\test-wp\wp-content\plugins\simple-web-scraper\simple-web-scraper.php on line 151
[08-Jul-2025 02:29:50 UTC] PHP Fatal error:  Uncaught Error: Call to undefined method SimpleWebScraper::scrape_single_url() in C:\xampp\htdocs\test-wp\wp-content\plugins\simple-web-scraper\simple-web-scraper.php:151
Stack trace:
#0 C:\xampp\htdocs\test-wp\wp-includes\class-wp-hook.php(324): SimpleWebScraper->handle_scrape_company_page('')
#1 C:\xampp\htdocs\test-wp\wp-includes\class-wp-hook.php(348): WP_Hook->apply_filters('', Array)
#2 C:\xampp\htdocs\test-wp\wp-includes\plugin.php(517): WP_Hook->do_action(Array)
#3 C:\xampp\htdocs\test-wp\wp-admin\admin-ajax.php(192): do_action('wp_ajax_scrape_...')
#4 {main}
  thrown in C:\xampp\htdocs\test-wp\wp-content\plugins\simple-web-scraper\simple-web-scraper.php on line 151
[08-Jul-2025 02:29:52 UTC] PHP Fatal error:  Uncaught Error: Call to undefined method SimpleWebScraper::scrape_single_url() in C:\xampp\htdocs\test-wp\wp-content\plugins\simple-web-scraper\simple-web-scraper.php:151
Stack trace:
#0 C:\xampp\htdocs\test-wp\wp-includes\class-wp-hook.php(324): SimpleWebScraper->handle_scrape_company_page('')
#1 C:\xampp\htdocs\test-wp\wp-includes\class-wp-hook.php(348): WP_Hook->apply_filters('', Array)
#2 C:\xampp\htdocs\test-wp\wp-includes\plugin.php(517): WP_Hook->do_action(Array)
#3 C:\xampp\htdocs\test-wp\wp-admin\admin-ajax.php(192): do_action('wp_ajax_scrape_...')
#4 {main}
  thrown in C:\xampp\htdocs\test-wp\wp-content\plugins\simple-web-scraper\simple-web-scraper.php on line 151
[08-Jul-2025 02:29:54 UTC] PHP Fatal error:  Uncaught Error: Call to undefined method SimpleWebScraper::scrape_single_url() in C:\xampp\htdocs\test-wp\wp-content\plugins\simple-web-scraper\simple-web-scraper.php:151
Stack trace:
#0 C:\xampp\htdocs\test-wp\wp-includes\class-wp-hook.php(324): SimpleWebScraper->handle_scrape_company_page('')
#1 C:\xampp\htdocs\test-wp\wp-includes\class-wp-hook.php(348): WP_Hook->apply_filters('', Array)
#2 C:\xampp\htdocs\test-wp\wp-includes\plugin.php(517): WP_Hook->do_action(Array)
#3 C:\xampp\htdocs\test-wp\wp-admin\admin-ajax.php(192): do_action('wp_ajax_scrape_...')
#4 {main}
  thrown in C:\xampp\htdocs\test-wp\wp-content\plugins\simple-web-scraper\simple-web-scraper.php on line 151
[08-Jul-2025 02:29:56 UTC] PHP Fatal error:  Uncaught Error: Call to undefined method SimpleWebScraper::scrape_single_url() in C:\xampp\htdocs\test-wp\wp-content\plugins\simple-web-scraper\simple-web-scraper.php:151
Stack trace:
#0 C:\xampp\htdocs\test-wp\wp-includes\class-wp-hook.php(324): SimpleWebScraper->handle_scrape_company_page('')
#1 C:\xampp\htdocs\test-wp\wp-includes\class-wp-hook.php(348): WP_Hook->apply_filters('', Array)
#2 C:\xampp\htdocs\test-wp\wp-includes\plugin.php(517): WP_Hook->do_action(Array)
#3 C:\xampp\htdocs\test-wp\wp-admin\admin-ajax.php(192): do_action('wp_ajax_scrape_...')
#4 {main}
  thrown in C:\xampp\htdocs\test-wp\wp-content\plugins\simple-web-scraper\simple-web-scraper.php on line 151
[08-Jul-2025 02:29:58 UTC] PHP Fatal error:  Uncaught Error: Call to undefined method SimpleWebScraper::scrape_single_url() in C:\xampp\htdocs\test-wp\wp-content\plugins\simple-web-scraper\simple-web-scraper.php:151
Stack trace:
#0 C:\xampp\htdocs\test-wp\wp-includes\class-wp-hook.php(324): SimpleWebScraper->handle_scrape_company_page('')
#1 C:\xampp\htdocs\test-wp\wp-includes\class-wp-hook.php(348): WP_Hook->apply_filters('', Array)
#2 C:\xampp\htdocs\test-wp\wp-includes\plugin.php(517): WP_Hook->do_action(Array)
#3 C:\xampp\htdocs\test-wp\wp-admin\admin-ajax.php(192): do_action('wp_ajax_scrape_...')
#4 {main}
  thrown in C:\xampp\htdocs\test-wp\wp-content\plugins\simple-web-scraper\simple-web-scraper.php on line 151
[08-Jul-2025 02:30:00 UTC] PHP Fatal error:  Uncaught Error: Call to undefined method SimpleWebScraper::scrape_single_url() in C:\xampp\htdocs\test-wp\wp-content\plugins\simple-web-scraper\simple-web-scraper.php:151
Stack trace:
#0 C:\xampp\htdocs\test-wp\wp-includes\class-wp-hook.php(324): SimpleWebScraper->handle_scrape_company_page('')
#1 C:\xampp\htdocs\test-wp\wp-includes\class-wp-hook.php(348): WP_Hook->apply_filters('', Array)
#2 C:\xampp\htdocs\test-wp\wp-includes\plugin.php(517): WP_Hook->do_action(Array)
#3 C:\xampp\htdocs\test-wp\wp-admin\admin-ajax.php(192): do_action('wp_ajax_scrape_...')
#4 {main}
  thrown in C:\xampp\htdocs\test-wp\wp-content\plugins\simple-web-scraper\simple-web-scraper.php on line 151
[08-Jul-2025 02:30:02 UTC] PHP Fatal error:  Uncaught Error: Call to undefined method SimpleWebScraper::scrape_single_url() in C:\xampp\htdocs\test-wp\wp-content\plugins\simple-web-scraper\simple-web-scraper.php:151
Stack trace:
#0 C:\xampp\htdocs\test-wp\wp-includes\class-wp-hook.php(324): SimpleWebScraper->handle_scrape_company_page('')
#1 C:\xampp\htdocs\test-wp\wp-includes\class-wp-hook.php(348): WP_Hook->apply_filters('', Array)
#2 C:\xampp\htdocs\test-wp\wp-includes\plugin.php(517): WP_Hook->do_action(Array)
#3 C:\xampp\htdocs\test-wp\wp-admin\admin-ajax.php(192): do_action('wp_ajax_scrape_...')
#4 {main}
  thrown in C:\xampp\htdocs\test-wp\wp-content\plugins\simple-web-scraper\simple-web-scraper.php on line 151
[08-Jul-2025 02:30:04 UTC] PHP Fatal error:  Uncaught Error: Call to undefined method SimpleWebScraper::scrape_single_url() in C:\xampp\htdocs\test-wp\wp-content\plugins\simple-web-scraper\simple-web-scraper.php:151
Stack trace:
#0 C:\xampp\htdocs\test-wp\wp-includes\class-wp-hook.php(324): SimpleWebScraper->handle_scrape_company_page('')
#1 C:\xampp\htdocs\test-wp\wp-includes\class-wp-hook.php(348): WP_Hook->apply_filters('', Array)
#2 C:\xampp\htdocs\test-wp\wp-includes\plugin.php(517): WP_Hook->do_action(Array)
#3 C:\xampp\htdocs\test-wp\wp-admin\admin-ajax.php(192): do_action('wp_ajax_scrape_...')
#4 {main}
  thrown in C:\xampp\htdocs\test-wp\wp-content\plugins\simple-web-scraper\simple-web-scraper.php on line 151
[08-Jul-2025 02:30:06 UTC] PHP Fatal error:  Uncaught Error: Call to undefined method SimpleWebScraper::scrape_single_url() in C:\xampp\htdocs\test-wp\wp-content\plugins\simple-web-scraper\simple-web-scraper.php:151
Stack trace:
#0 C:\xampp\htdocs\test-wp\wp-includes\class-wp-hook.php(324): SimpleWebScraper->handle_scrape_company_page('')
#1 C:\xampp\htdocs\test-wp\wp-includes\class-wp-hook.php(348): WP_Hook->apply_filters('', Array)
#2 C:\xampp\htdocs\test-wp\wp-includes\plugin.php(517): WP_Hook->do_action(Array)
#3 C:\xampp\htdocs\test-wp\wp-admin\admin-ajax.php(192): do_action('wp_ajax_scrape_...')
#4 {main}
  thrown in C:\xampp\htdocs\test-wp\wp-content\plugins\simple-web-scraper\simple-web-scraper.php on line 151
[08-Jul-2025 02:30:08 UTC] PHP Fatal error:  Uncaught Error: Call to undefined method SimpleWebScraper::scrape_single_url() in C:\xampp\htdocs\test-wp\wp-content\plugins\simple-web-scraper\simple-web-scraper.php:151
Stack trace:
#0 C:\xampp\htdocs\test-wp\wp-includes\class-wp-hook.php(324): SimpleWebScraper->handle_scrape_company_page('')
#1 C:\xampp\htdocs\test-wp\wp-includes\class-wp-hook.php(348): WP_Hook->apply_filters('', Array)
#2 C:\xampp\htdocs\test-wp\wp-includes\plugin.php(517): WP_Hook->do_action(Array)
#3 C:\xampp\htdocs\test-wp\wp-admin\admin-ajax.php(192): do_action('wp_ajax_scrape_...')
#4 {main}
  thrown in C:\xampp\htdocs\test-wp\wp-content\plugins\simple-web-scraper\simple-web-scraper.php on line 151
[08-Jul-2025 02:30:10 UTC] PHP Fatal error:  Uncaught Error: Call to undefined method SimpleWebScraper::scrape_single_url() in C:\xampp\htdocs\test-wp\wp-content\plugins\simple-web-scraper\simple-web-scraper.php:151
Stack trace:
#0 C:\xampp\htdocs\test-wp\wp-includes\class-wp-hook.php(324): SimpleWebScraper->handle_scrape_company_page('')
#1 C:\xampp\htdocs\test-wp\wp-includes\class-wp-hook.php(348): WP_Hook->apply_filters('', Array)
#2 C:\xampp\htdocs\test-wp\wp-includes\plugin.php(517): WP_Hook->do_action(Array)
#3 C:\xampp\htdocs\test-wp\wp-admin\admin-ajax.php(192): do_action('wp_ajax_scrape_...')
#4 {main}
  thrown in C:\xampp\htdocs\test-wp\wp-content\plugins\simple-web-scraper\simple-web-scraper.php on line 151
[08-Jul-2025 02:30:11 UTC] PHP Fatal error:  Uncaught Error: Call to undefined method SimpleWebScraper::scrape_single_url() in C:\xampp\htdocs\test-wp\wp-content\plugins\simple-web-scraper\simple-web-scraper.php:151
Stack trace:
#0 C:\xampp\htdocs\test-wp\wp-includes\class-wp-hook.php(324): SimpleWebScraper->handle_scrape_company_page('')
#1 C:\xampp\htdocs\test-wp\wp-includes\class-wp-hook.php(348): WP_Hook->apply_filters('', Array)
#2 C:\xampp\htdocs\test-wp\wp-includes\plugin.php(517): WP_Hook->do_action(Array)
#3 C:\xampp\htdocs\test-wp\wp-admin\admin-ajax.php(192): do_action('wp_ajax_scrape_...')
#4 {main}
  thrown in C:\xampp\htdocs\test-wp\wp-content\plugins\simple-web-scraper\simple-web-scraper.php on line 151
[08-Jul-2025 02:30:13 UTC] PHP Fatal error:  Uncaught Error: Call to undefined method SimpleWebScraper::scrape_single_url() in C:\xampp\htdocs\test-wp\wp-content\plugins\simple-web-scraper\simple-web-scraper.php:151
Stack trace:
#0 C:\xampp\htdocs\test-wp\wp-includes\class-wp-hook.php(324): SimpleWebScraper->handle_scrape_company_page('')
#1 C:\xampp\htdocs\test-wp\wp-includes\class-wp-hook.php(348): WP_Hook->apply_filters('', Array)
#2 C:\xampp\htdocs\test-wp\wp-includes\plugin.php(517): WP_Hook->do_action(Array)
#3 C:\xampp\htdocs\test-wp\wp-admin\admin-ajax.php(192): do_action('wp_ajax_scrape_...')
#4 {main}
  thrown in C:\xampp\htdocs\test-wp\wp-content\plugins\simple-web-scraper\simple-web-scraper.php on line 151
[09-Jul-2025 12:54:25 UTC] WordPress database error Table 'wp_e_events' already exists for query CREATE TABLE `wp_e_events` (
			id bigint(20) unsigned auto_increment primary key,
			event_data text null,
			created_at datetime not null
		) DEFAULT CHARACTER SET utf8mb4 COLLATE utf8mb4_unicode_520_ci; made by require_once('wp-admin/admin.php'), require_once('wp-load.php'), require_once('wp-config.php'), require_once('wp-settings.php'), do_action('init'), WP_Hook->do_action, WP_Hook->apply_filters, Elementor\Plugin->init, Elementor\Plugin->init_components, Elementor\Core\Admin\Admin->__construct, Elementor\Plugin->init_common, Elementor\Core\Common\App->init_components, Elementor\Core\Common\Modules\EventTracker\Module->__construct, Elementor\Core\Common\Modules\EventTracker\DB->__construct, Elementor\Core\Common\Modules\EventTracker\DB->create_table
[09-Jul-2025 12:54:25 UTC] WordPress database error Duplicate key name 'created_at_index' for query ALTER TABLE wp_e_events
    		ADD INDEX `created_at_index` (`created_at`)
		 made by require_once('wp-admin/admin.php'), require_once('wp-load.php'), require_once('wp-config.php'), require_once('wp-settings.php'), do_action('init'), WP_Hook->do_action, WP_Hook->apply_filters, Elementor\Plugin->init, Elementor\Plugin->init_components, Elementor\Core\Admin\Admin->__construct, Elementor\Plugin->init_common, Elementor\Core\Common\App->init_components, Elementor\Core\Common\Modules\EventTracker\Module->__construct, Elementor\Core\Common\Modules\EventTracker\DB->__construct, Elementor\Core\Common\Modules\EventTracker\DB->add_indexes
